<?xml version="1.0" encoding="UTF-8"?>
<!-- Generated by org.testng.reporters.JUnitReportReporter -->
<testsuite hostname="LIN51015006" failures="0" tests="5" name="pluralsight.BasicResponse" time="2.048" errors="0" timestamp="2022-05-31T12:25:57 IST" skipped="0">
  <testcase classname="pluralsight.BasicResponse" name="hamcrestMatchers" time="0.095"/>
  <system-out/>
  <testcase classname="pluralsight.BasicResponse" name="complexhamcrestMatchers" time="0.107"/>
  <system-out/>
  <testcase classname="pluralsight.BasicResponse" name="genericHeader" time="0.069"/>
  <system-out/>
  <testcase classname="pluralsight.BasicResponse" name="basicValidate" time="1.701"/>
  <system-out/>
  <testcase classname="pluralsight.BasicResponse" name="convinienceMethod" time="0.076"/>
  <system-out/>
</testsuite> <!-- pluralsight.BasicResponse -->
