<?xml version="1.0" encoding="UTF-8"?>
<!-- Generated by org.testng.reporters.JUnitReportReporter -->
<testsuite hostname="LIN51015006" failures="0" tests="5" name="youtube.PostMethods" time="7.744" errors="0" timestamp="2022-06-06T12:50:34 IST" skipped="0">
  <testcase classname="youtube.PostMethods" name="post3" time="0.374"/>
  <system-out/>
  <testcase classname="youtube.PostMethods" name="post4" time="0.602"/>
  <system-out/>
  <testcase classname="youtube.PostMethods" name="post2" time="0.387"/>
  <system-out/>
  <testcase classname="youtube.PostMethods" name="putAndDelete" time="3.681"/>
  <system-out/>
  <testcase classname="youtube.PostMethods" name="post1" time="2.700"/>
  <system-out/>
</testsuite> <!-- youtube.PostMethods -->
