<?xml version="1.0" encoding="UTF-8"?>
<!-- Generated by org.testng.reporters.JUnitReportReporter -->
<testsuite hostname="LIN51015006" failures="0" tests="1" name="youtube.JsonSchemaValidator" time="1.625" errors="0" timestamp="2022-06-06T13:55:41 IST" skipped="0">
  <testcase classname="youtube.JsonSchemaValidator" name="testget" time="1.625"/>
  <system-out/>
</testsuite> <!-- youtube.JsonSchemaValidator -->
