<?xml version="1.0" encoding="UTF-8"?>
<!-- Generated by org.testng.reporters.JUnitReportReporter -->
<testsuite hostname="LIN51015006" failures="0" tests="2" name="youtube.First" time="2.379" errors="0" timestamp="2022-05-31T15:39:27 IST" skipped="0">
  <testcase classname="youtube.First" name="testpost" time="0.646"/>
  <system-out/>
  <testcase classname="youtube.First" name="testget" time="1.733"/>
  <system-out/>
</testsuite> <!-- youtube.First -->
