<?xml version="1.0" encoding="UTF-8"?>
<!-- Generated by org.testng.reporters.JUnitReportReporter -->
<testsuite hostname="LIN51015006" failures="0" tests="1" name="pluralsight.ObjectMapping" time="2.090" errors="0" timestamp="2022-05-27T13:14:35 IST" skipped="0">
  <testcase classname="pluralsight.ObjectMapping" name="objTest" time="2.090"/>
  <system-out/>
</testsuite> <!-- pluralsight.ObjectMapping -->
