<?xml version="1.0" encoding="UTF-8"?>
<!-- Generated by org.testng.reporters.JUnitReportReporter -->
<testsuite hostname="LIN51015006" failures="0" tests="1" name="pluralsight.RequestSpec" time="3.653" errors="0" timestamp="2022-05-27T16:02:50 IST" skipped="0">
  <testcase classname="pluralsight.RequestSpec" name="test" time="3.653"/>
  <system-out/>
</testsuite> <!-- pluralsight.RequestSpec -->
