<?xml version="1.0" encoding="UTF-8"?>
<!-- Generated by org.testng.reporters.JUnitReportReporter -->
<testsuite hostname="LIN51015006" failures="0" tests="2" name="pluralsight.BodyFirst" time="6.565" errors="0" timestamp="2022-05-31T12:17:01 IST" skipped="0">
  <testcase classname="pluralsight.BodyFirst" name="jsonPathReturnsMap" time="5.352"/>
  <system-out/>
  <testcase classname="pluralsight.BodyFirst" name="nestedBody" time="1.213"/>
  <system-out/>
</testsuite> <!-- pluralsight.BodyFirst -->
