<?xml version="1.0" encoding="UTF-8"?>
<!-- Generated by org.testng.reporters.JUnitReportReporter -->
<testsuite hostname="LIN51015006" failures="0" tests="3" name="youtube.withRequestAndResponse" time="18.578" errors="0" timestamp="2022-06-09T16:19:53 IST" skipped="0">
  <testcase classname="youtube.withRequestAndResponse" name="TestGet" time="2.009"/>
  <system-out/>
  <testcase classname="youtube.withRequestAndResponse" name="putAndDelete" time="15.553"/>
  <system-out/>
  <testcase classname="youtube.withRequestAndResponse" name="TestPost" time="1.016"/>
  <system-out/>
</testsuite> <!-- youtube.withRequestAndResponse -->
