<?xml version="1.0" encoding="UTF-8"?>
<!-- Generated by org.testng.reporters.JUnitReportReporter -->
<testsuite hostname="LIN51015006" failures="0" tests="4" name="pluralsight.First" time="2.194" errors="0" timestamp="2022-05-26T20:19:53 IST" skipped="0">
  <testcase classname="pluralsight.First" name="peek" time="1.837"/>
  <system-out/>
  <testcase classname="pluralsight.First" name="prettyprint" time="0.106"/>
  <system-out/>
  <testcase classname="pluralsight.First" name="print" time="0.104"/>
  <system-out/>
  <testcase classname="pluralsight.First" name="prettypeek" time="0.147"/>
  <system-out/>
</testsuite> <!-- pluralsight.First -->
